<?xml version="1.0" encoding="UTF-8"?>
<!-- Generated by org.testng.reporters.JUnitReportReporter -->
<testsuite hostname="CAN-7825-L001" name="projectScripts.DeleteCart" tests="1" failures="0" timestamp="15 Dec 2017 19:47:50 GMT" time="22.897" errors="0">
  <testcase name="testDeleteCart" time="22.897" classname="projectScripts.DeleteCart"/>
</testsuite> <!-- projectScripts.DeleteCart -->
