<?xml version="1.0" encoding="UTF-8"?>
<!-- Generated by org.testng.reporters.JUnitReportReporter -->
<testsuite hostname="CAN-7825-L001" name="projectScripts.Scenario_Search_Addtocart" tests="2" failures="0" timestamp="9 Jan 2018 18:16:10 GMT" time="54.065" errors="0">
  <testcase name="testCartValidation" time="14.770" classname="projectScripts.Scenario_Search_Addtocart"/>
  <testcase name="testValidSearch" time="39.295" classname="projectScripts.Scenario_Search_Addtocart"/>
</testsuite> <!-- projectScripts.Scenario_Search_Addtocart -->
