<?xml version="1.0" encoding="UTF-8"?>
<!-- Generated by org.testng.reporters.JUnitReportReporter -->
<testsuite hostname="CAN-7825-L001" name="projectScripts.Scenario_Login" tests="2" failures="0" timestamp="9 Jan 2018 18:16:10 GMT" time="25.953" errors="0">
  <testcase name="testValidLogin" time="14.663" classname="projectScripts.Scenario_Login"/>
  <testcase name="testInvalidLogin" time="11.290" classname="projectScripts.Scenario_Login"/>
</testsuite> <!-- projectScripts.Scenario_Login -->
