<?xml version="1.0" encoding="UTF-8"?>
<!-- Generated by org.testng.reporters.JUnitReportReporter -->
<testsuite hostname="CAN-7825-L001" name="projectScripts.Scenario_DeleteCart" tests="1" failures="0" timestamp="9 Jan 2018 18:24:26 GMT" time="22.135" errors="0">
  <testcase name="testDeleteCart" time="22.135" classname="projectScripts.Scenario_DeleteCart"/>
</testsuite> <!-- projectScripts.Scenario_DeleteCart -->
