<?xml version="1.0" encoding="UTF-8"?>
<!-- Generated by org.testng.reporters.JUnitReportReporter -->
<testsuite hostname="CAN-7825-L001" name="projectScripts.Scenario_Login" tests="2" failures="0" timestamp="9 Dec 2017 20:34:15 GMT" time="31.476" errors="0">
  <testcase name="testInvalidLogin" time="17.863" classname="projectScripts.Scenario_Login"/>
  <testcase name="testValidLogin" time="13.613" classname="projectScripts.Scenario_Login"/>
</testsuite> <!-- projectScripts.Scenario_Login -->
