<?xml version="1.0" encoding="UTF-8"?>
<!-- Generated by org.testng.reporters.JUnitReportReporter -->
<testsuite hostname="CAN-7825-L001" name="projectScripts.Scenario_Search_Addtocart" tests="2" failures="0" timestamp="9 Jan 2018 18:24:26 GMT" time="57.205" errors="0">
  <testcase name="testValidSearch" time="41.265" classname="projectScripts.Scenario_Search_Addtocart"/>
  <testcase name="testCartValidation" time="15.940" classname="projectScripts.Scenario_Search_Addtocart"/>
</testsuite> <!-- projectScripts.Scenario_Search_Addtocart -->
