<?xml version="1.0" encoding="UTF-8"?>
<!-- Generated by org.testng.reporters.JUnitReportReporter -->
<testsuite hostname="CAN-7825-L001" name="projectScripts.Scenario_Login" tests="2" failures="0" timestamp="9 Jan 2018 18:24:26 GMT" time="31.593" errors="0">
  <testcase name="testInvalidLogin" time="18.420" classname="projectScripts.Scenario_Login"/>
  <testcase name="testValidLogin" time="13.173" classname="projectScripts.Scenario_Login"/>
</testsuite> <!-- projectScripts.Scenario_Login -->
